<?xml version="1.0" encoding="UTF-8"?>
<!-- Generated by org.testng.reporters.JUnitReportReporter -->
<testsuite hostname="SCA-WS389" name="test.ProfileTest" tests="4" failures="0" timestamp="5 Oct 2017 21:24:17 GMT" time="26.147" errors="0">
  <testcase name="verifyIfProfilePageLoadedCorrectly" time="6.927" classname="test.ProfileTest"/>
  <testcase name="verifyThatProfilePageIsDisplayedWhenTheUserIsNotLoged" time="5.070" classname="test.ProfileTest"/>
  <testcase name="verifyThatProfilePageIsDisplayedWhenTheUserIsNotLoged" time="9.552" classname="test.ProfileTest"/>
  <testcase name="verifyIfProfilePageLoadedCorrectly" time="4.598" classname="test.ProfileTest"/>
</testsuite> <!-- test.ProfileTest -->
