<?xml version="1.0" encoding="UTF-8"?>
<!-- Generated by org.testng.reporters.JUnitReportReporter -->
<testsuite hostname="SCA-WS389" name="test.HomeTest" tests="4" failures="0" timestamp="5 Oct 2017 21:24:17 GMT" time="15.601" errors="0">
  <testcase name="VerifyIfHomeIsDisplayedCorrectly" time="3.567" classname="test.HomeTest"/>
  <testcase name="VerifyHomePageLoadedFromHomeTabClick" time="4.906" classname="test.HomeTest"/>
  <testcase name="VerifyIfHomeIsDisplayedCorrectly" time="3.420" classname="test.HomeTest"/>
  <testcase name="VerifyHomePageLoadedFromHomeTabClick" time="3.708" classname="test.HomeTest"/>
</testsuite> <!-- test.HomeTest -->
