<?xml version="1.0" encoding="UTF-8"?>
<!-- Generated by org.testng.reporters.JUnitReportReporter -->
<testsuite hostname="SCA-WS389" name="test.LoginTest" tests="6" failures="0" timestamp="5 Oct 2017 21:24:17 GMT" time="40.469" errors="0">
  <testcase name="testVerifyThatUserIsNotAbleToLoginWithInvalidCredentials" time="5.826" classname="test.LoginTest"/>
  <testcase name="testVerifyThatLoginPageIsDisplayedWhenUserClickLoginLink" time="4.934" classname="test.LoginTest"/>
  <testcase name="testVerifyThatUserIsNotAbleToLoginWithInvalidCredentials" time="8.329" classname="test.LoginTest"/>
  <testcase name="testVerifyThatUserIsAbleToLoginWithValidCredentials" time="10.581" classname="test.LoginTest"/>
  <testcase name="testVerifyThatLoginPageIsDisplayedWhenUserClickLoginLink" time="5.044" classname="test.LoginTest"/>
  <testcase name="testVerifyThatUserIsAbleToLoginWithValidCredentials" time="5.755" classname="test.LoginTest"/>
</testsuite> <!-- test.LoginTest -->
