<?xml version="1.0" encoding="UTF-8"?>
<!-- Generated by org.testng.reporters.JUnitReportReporter -->
<testsuite hostname="SCA-WS389" name="test.PostTest" tests="4" failures="0" timestamp="5 Oct 2017 21:24:17 GMT" time="23.744" errors="0">
  <testcase name="verifyThatLoginPageIsDisplayedWhenTheUserIsNotLoged" time="3.891" classname="test.PostTest"/>
  <testcase name="verifyIfPostAndAdPageLoadedCorrectly" time="7.293" classname="test.PostTest"/>
  <testcase name="verifyIfPostAndAdPageLoadedCorrectly" time="6.764" classname="test.PostTest"/>
  <testcase name="verifyThatLoginPageIsDisplayedWhenTheUserIsNotLoged" time="5.796" classname="test.PostTest"/>
</testsuite> <!-- test.PostTest -->
