<?xml version="1.0" encoding="UTF-8"?>
<!-- Generated by org.testng.reporters.JUnitReportReporter -->
<testsuite hostname="SCA-WS389" name="test.RegisterTest" tests="10" failures="0" timestamp="5 Oct 2017 21:24:17 GMT" time="54.002" errors="0">
  <testcase name="verifyThatRegisterPageIsDisplayedWhenClickingOnRegisterLink" time="5.815" classname="test.RegisterTest"/>
  <testcase name="verifyThatErrorMessageIsDisplayedWhenCreatingUserWithUserNameThatIsAlreadyTaken" time="6.695" classname="test.RegisterTest"/>
  <testcase name="verifyThatAllTheMandatoryMessagesAreDisplayedWhenAllMandatoryFieldsAreEmptyAfterClickSubmitButton" time="5.277" classname="test.RegisterTest"/>
  <testcase name="verifyThatErrorMessageIsDisplayedWhenSendingInvalidEmailOnEmailField" time="5.573" classname="test.RegisterTest"/>
  <testcase name="verifyThatErrorMessageIsDisplayedWhenSendingDifferentPasswordsOnPasswordAndConfirmPasswordFields" time="5.735" classname="test.RegisterTest"/>
  <testcase name="verifyThatAllTheMandatoryMessagesAreDisplayedWhenAllMandatoryFieldsAreEmptyAfterClickSubmitButton" time="4.923" classname="test.RegisterTest"/>
  <testcase name="verifyThatErrorMessageIsDisplayedWhenCreatingUserWithUserNameThatIsAlreadyTaken" time="5.259" classname="test.RegisterTest"/>
  <testcase name="verifyThatErrorMessageIsDisplayedWhenSendingInvalidEmailOnEmailField" time="5.286" classname="test.RegisterTest"/>
  <testcase name="verifyThatRegisterPageIsDisplayedWhenClickingOnRegisterLink" time="4.023" classname="test.RegisterTest"/>
  <testcase name="verifyThatErrorMessageIsDisplayedWhenSendingDifferentPasswordsOnPasswordAndConfirmPasswordFields" time="5.416" classname="test.RegisterTest"/>
</testsuite> <!-- test.RegisterTest -->
