<?xml version="1.0" encoding="UTF-8"?>
<!-- Generated by org.testng.reporters.JUnitReportReporter -->
<testsuite hostname="SCA-WS389" name="test.CategoriesTest" tests="6" failures="0" timestamp="14 Sep 2017 17:38:11 GMT" time="32.289" errors="0">
  <testcase name="verifyThatSearchFieldIsDisplayedWhenClickedOnAntiquesCollect" time="6.510" classname="test.CategoriesTest"/>
  <testcase name="verifyThatSearchFieldIsDisplayedWhenClickedOnAntiquesCollect" time="4.691" classname="test.CategoriesTest"/>
  <testcase name="verifyThatSearchFieldIsDisplayedWhenClickedOnArtCraftCategory" time="4.435" classname="test.CategoriesTest"/>
  <testcase name="verifyThatSearchFieldIsDisplayedWhenClickedOnAutoCategory" time="6.404" classname="test.CategoriesTest"/>
  <testcase name="verifyThatSearchFieldIsDisplayedWhenClickedOnArtCraftCategory" time="6.204" classname="test.CategoriesTest"/>
  <testcase name="verifyThatSearchFieldIsDisplayedWhenClickedOnAutoCategory" time="4.045" classname="test.CategoriesTest"/>
</testsuite> <!-- test.CategoriesTest -->
