<?xml version="1.0" encoding="UTF-8"?>
<!-- Generated by org.testng.reporters.JUnitReportReporter -->
<testsuite hostname="SCA-WS389" name="test.BrowseCategoriesTest" tests="6" failures="0" timestamp="5 Oct 2017 21:24:17 GMT" time="27.163" errors="0">
  <testcase name="verifyThatSearchFieldIsDisplayedWhenClickedOnAutoCategory" time="4.944" classname="test.BrowseCategoriesTest"/>
  <testcase name="verifyThatSearchFieldIsDisplayedWhenClickedOnAntiquesCollect" time="4.773" classname="test.BrowseCategoriesTest"/>
  <testcase name="verifyThatSearchFieldIsDisplayedWhenClickedOnAntiquesCollect" time="3.620" classname="test.BrowseCategoriesTest"/>
  <testcase name="verifyThatSearchFieldIsDisplayedWhenClickedOnArtCraftCategory" time="4.622" classname="test.BrowseCategoriesTest"/>
  <testcase name="verifyThatSearchFieldIsDisplayedWhenClickedOnAutoCategory" time="4.437" classname="test.BrowseCategoriesTest"/>
  <testcase name="verifyThatSearchFieldIsDisplayedWhenClickedOnArtCraftCategory" time="4.767" classname="test.BrowseCategoriesTest"/>
</testsuite> <!-- test.BrowseCategoriesTest -->
